<?xml version="1.0" encoding="UTF-8"?>
<testsuite name="com.jpetstore.cucumber.UserRegistrationRunner" time="69.534" tests="5" errors="2" skipped="0" failures="0">
  <properties>
[...]
</properties>
  <testcase name="As a user, I want to view all the categories" classname="Datatable example" time="19.35"/>
  <testcase name="EMPTY_NAME" classname="Purchase pets from the store" time="26.076">
    <error message="Expected condition failed: waiting for net.serenitybdd.core.pages.RenderedPageObjectView$7@3987a1e8 (tried for 15 second(s) with 50 milliseconds interval)&#10;Build info: version: &apos;3.141.59&apos;, revision: &apos;e82be7d358&apos;, time: &apos;2018-11-14T08:17:03&apos;&#10;System info: host: &apos;DESKTOP-7K9MUTS&apos;, ip: &apos;10.0.2.15&apos;, os.name: &apos;Windows 10&apos;, os.arch: &apos;amd64&apos;, os.version: &apos;10.0&apos;, java.version: &apos;11.0.9&apos;&#10;Driver info: driver.version: unknown" type="org.openqa.selenium.TimeoutException"><![CDATA[org.openqa.selenium.TimeoutException: Expected condition failed: waiting for net.serenitybdd.core.pages.RenderedPageObjectView$7@3987a1e8 (tried for 15 second(s) with 50 milliseconds interval)
Build info: version: '3.141.59', revision: 'e82be7d358', time: '2018-11-14T08:17:03'
System info: host: 'DESKTOP-7K9MUTS', ip: '10.0.2.15', os.name: 'Windows 10', os.arch: 'amd64', os.version: '10.0', java.version: '11.0.9'
Driver info: driver.version: unknown
	at net.thucydides.core.scheduling.ThucydidesFluentWait.timeoutException(ThucydidesFluentWait.java:153)
	at net.thucydides.core.scheduling.ThucydidesFluentWait.until(ThucydidesFluentWait.java:83)
	at net.serenitybdd.core.pages.RenderedPageObjectView.waitForAnyTextToAppear(RenderedPageObjectView.java:360)
	at net.serenitybdd.core.pages.PageObject.waitForAnyTextToAppear(PageObject.java:454)
	at com.jpetstore.pages.OrdersPage.enterPaymentAndBillingDetails(OrdersPage.java:86)
	at com.jpetstore.cucumber.steps.serenity.PetStoreSteps.enterPaymentAndBillingDetails(PetStoreSteps.java:275)
	at com.jpetstore.cucumber.steps.serenity.PetStoreSteps$$EnhancerByCGLIB$$9963d758.CGLIB$enterPaymentAndBillingDetails$19(<generated>)
	at com.jpetstore.cucumber.steps.serenity.PetStoreSteps$$EnhancerByCGLIB$$9963d758$$FastClassByCGLIB$$4dc150fd.invoke(<generated>)
	at net.sf.cglib.proxy.MethodProxy.invokeSuper(MethodProxy.java:228)
	at net.thucydides.core.steps.StepInterceptor.invokeMethod(StepInterceptor.java:461)
	at net.thucydides.core.steps.StepInterceptor.executeTestStepMethod(StepInterceptor.java:446)
	at net.thucydides.core.steps.StepInterceptor.runTestStep(StepInterceptor.java:421)
	at net.thucydides.core.steps.StepInterceptor.runOrSkipMethod(StepInterceptor.java:176)
	at net.thucydides.core.steps.StepInterceptor.testStepResult(StepInterceptor.java:163)
	at net.thucydides.core.steps.StepInterceptor.intercept(StepInterceptor.java:69)
	at com.jpetstore.cucumber.steps.serenity.PetStoreSteps$$EnhancerByCGLIB$$9963d758.enterPaymentAndBillingDetails(<generated>)
	at com.jpetstore.cucumber.steps.UserRegistrationSteps.i_enter_my_payment_details_(UserRegistrationSteps.java:149)
	at ✽.I enter my payment details Visa,9999999999999999,04/2026,John,Doe,33,Wdrive,Mobile,AL,06340,USA(src/test/resources/features/orders.feature:14)
]]></error>
    <system-err><![CDATA[22786 [main] INFO net.thucydides.core.steps.ConsoleLoggingListener - 
 _____ _____ ____ _____   ____ _____  _    ____ _____ _____ ____  
|_   _| ____/ ___|_   _| / ___|_   _|/ \  |  _ \_   _| ____|  _ \ 
  | | |  _| \___ \ | |   \___ \ | | / _ \ | |_) || | |  _| | | | |
  | | | |___ ___) || |    ___) || |/ ___ \|  _ < | | | |___| |_| |
  |_| |_____|____/ |_|   |____/ |_/_/   \_\_| \_\|_| |_____|____/ 
                                                                  

TEST STARTED: 
-------------------------------------------------------------------(purchase-pets-from-the-store;)
Jan 19, 2021 2:25:20 PM org.openqa.selenium.remote.DesiredCapabilities firefox
INFO: Using `new FirefoxOptions()` is preferred to `DesiredCapabilities.firefox()`
Jan 19, 2021 2:25:20 PM org.openqa.selenium.remote.DesiredCapabilities firefox
INFO: Using `new FirefoxOptions()` is preferred to `DesiredCapabilities.firefox()`
23193 [main] INFO net.serenitybdd.core.webdriver.driverproviders.ProvideNewDriver - Instantiating driver
23194 [main] INFO net.serenitybdd.core.webdriver.driverproviders.ProvideNewDriver - Driver capabilities: Capabilities {acceptInsecureCerts: true, browserName: firefox, firefox_profile: org.openqa.selenium.firefox..., headless: false, loggingPrefs: org.openqa.selenium.logging..., marionette: true, moz:firefoxOptions: {}, platform: ANY, version: }
1611084321346	mozrunner::runner	INFO	Running command: "C:\\Program Files\\Mozilla Firefox\\firefox.exe" "-marionette" "-foreground" "-no-remote" "-profile" "C:\\Users\\PENTAH~1\\AppData\\Local\\Temp\\rust_mozprofile.i3VFYakVDaCK"
JavaScript error: resource://gre/modules/XULStore.jsm, line 66: Error: Can't find profile directory.
1611084324085	Marionette	INFO	Listening on port 54978
1611084324513	Marionette	WARN	TLS certificate errors will be ignored for this session
Jan 19, 2021 2:25:24 PM org.openqa.selenium.remote.ProtocolHandshake createSession
INFO: Detected dialect: W3C
1611084345283	Marionette	INFO	Stopped listening on port 54978

###!!! [Child][RunMessage] Error: Channel closing: too late to send/recv, messages will be lost

48716 [main] ERROR net.thucydides.core.steps.ConsoleLoggingListener - 
           __  _____ _____ ____ _____   _____ _    ___ _     _____ ____  
  _       / / |_   _| ____/ ___|_   _| |  ___/ \  |_ _| |   | ____|  _ \ 
 (_)_____| |    | | |  _| \___ \ | |   | |_ / _ \  | || |   |  _| | | | |
  _|_____| |    | | | |___ ___) || |   |  _/ ___ \ | || |___| |___| |_| |
 (_)     | |    |_| |_____|____/ |_|   |_|/_/   \_\___|_____|_____|____/ 
          \_\                                                            

TEST FAILED WITH ERROR: 
---------------------------------------------------------------------
48853 [main] ERROR net.thucydides.core.steps.ConsoleLoggingListener - TEST FAILED AT STEP Entering purchase information & placing order
48853 [main] ERROR net.thucydides.core.steps.ConsoleLoggingListener - Expected condition failed: waiting for net.serenitybdd.core.pages.RenderedPageObjectView$7@3987a1e8 (tried for 15 second(s) with 50 milliseconds interval)Build info: version: '3.141.59', revision: 'e82be7d358', time: '2018-11-14T08:17:03'System info: host: 'DESKTOP-7K9MUTS', ip: '10.0.2.15', os.name: 'Windows 10', os.arch: 'amd64', os.version: '10.0', java.version: '11.0.9'Driver info: driver.version: unknownBuild info: version: '3.141.59', revision: 'e82be7d358', time: '2018-11-14T08:17:03'System info: host: 'DESKTOP-7K9MUTS', ip: '10.0.2.15', os.name: 'Windows 10', os.arch: 'amd64', os.version: '10.0', java.version: '11.0.9'Driver info: driver.version: unknown
]]></system-err>
  </testcase>
  <testcase name="EMPTY_NAME" classname="Purchase pets from the store" time="24.235">
    <error message="Expected condition failed: waiting for net.serenitybdd.core.pages.RenderedPageObjectView$7@7bc3c59f (tried for 15 second(s) with 50 milliseconds interval)&#10;Build info: version: &apos;3.141.59&apos;, revision: &apos;e82be7d358&apos;, time: &apos;2018-11-14T08:17:03&apos;&#10;System info: host: &apos;DESKTOP-7K9MUTS&apos;, ip: &apos;10.0.2.15&apos;, os.name: &apos;Windows 10&apos;, os.arch: &apos;amd64&apos;, os.version: &apos;10.0&apos;, java.version: &apos;11.0.9&apos;&#10;Driver info: driver.version: unknown" type="org.openqa.selenium.TimeoutException"><![CDATA[org.openqa.selenium.TimeoutException: Expected condition failed: waiting for net.serenitybdd.core.pages.RenderedPageObjectView$7@7bc3c59f (tried for 15 second(s) with 50 milliseconds interval)
Build info: version: '3.141.59', revision: 'e82be7d358', time: '2018-11-14T08:17:03'
System info: host: 'DESKTOP-7K9MUTS', ip: '10.0.2.15', os.name: 'Windows 10', os.arch: 'amd64', os.version: '10.0', java.version: '11.0.9'
Driver info: driver.version: unknown
	at net.thucydides.core.scheduling.ThucydidesFluentWait.timeoutException(ThucydidesFluentWait.java:153)
	at net.thucydides.core.scheduling.ThucydidesFluentWait.until(ThucydidesFluentWait.java:83)
	at net.serenitybdd.core.pages.RenderedPageObjectView.waitForAnyTextToAppear(RenderedPageObjectView.java:360)
	at net.serenitybdd.core.pages.PageObject.waitForAnyTextToAppear(PageObject.java:454)
	at com.jpetstore.pages.OrdersPage.enterPaymentAndBillingDetails(OrdersPage.java:86)
	at com.jpetstore.cucumber.steps.serenity.PetStoreSteps.enterPaymentAndBillingDetails(PetStoreSteps.java:275)
	at com.jpetstore.cucumber.steps.serenity.PetStoreSteps$$EnhancerByCGLIB$$9963d758.CGLIB$enterPaymentAndBillingDetails$19(<generated>)
	at com.jpetstore.cucumber.steps.serenity.PetStoreSteps$$EnhancerByCGLIB$$9963d758$$FastClassByCGLIB$$4dc150fd.invoke(<generated>)
	at net.sf.cglib.proxy.MethodProxy.invokeSuper(MethodProxy.java:228)
	at net.thucydides.core.steps.StepInterceptor.invokeMethod(StepInterceptor.java:461)
	at net.thucydides.core.steps.StepInterceptor.executeTestStepMethod(StepInterceptor.java:446)
	at net.thucydides.core.steps.StepInterceptor.runTestStep(StepInterceptor.java:421)
	at net.thucydides.core.steps.StepInterceptor.runOrSkipMethod(StepInterceptor.java:176)
	at net.thucydides.core.steps.StepInterceptor.testStepResult(StepInterceptor.java:163)
	at net.thucydides.core.steps.StepInterceptor.intercept(StepInterceptor.java:69)
	at com.jpetstore.cucumber.steps.serenity.PetStoreSteps$$EnhancerByCGLIB$$9963d758.enterPaymentAndBillingDetails(<generated>)
	at com.jpetstore.cucumber.steps.UserRegistrationSteps.i_enter_my_payment_details_(UserRegistrationSteps.java:149)
	at ✽.I enter my payment details Visa,9999999999999999,04/2026,John,Doe,33,Wdrive,Mobile,AL,06340,USA(src/test/resources/features/orders.feature:14)
]]></error>
    <system-err><![CDATA[Jan 19, 2021 2:25:46 PM org.openqa.selenium.remote.DesiredCapabilities firefox
INFO: Using `new FirefoxOptions()` is preferred to `DesiredCapabilities.firefox()`
Jan 19, 2021 2:25:46 PM org.openqa.selenium.remote.DesiredCapabilities firefox
INFO: Using `new FirefoxOptions()` is preferred to `DesiredCapabilities.firefox()`
49238 [main] INFO net.serenitybdd.core.webdriver.driverproviders.ProvideNewDriver - Instantiating driver
49239 [main] INFO net.serenitybdd.core.webdriver.driverproviders.ProvideNewDriver - Driver capabilities: Capabilities {acceptInsecureCerts: true, browserName: firefox, firefox_profile: org.openqa.selenium.firefox..., headless: false, loggingPrefs: org.openqa.selenium.logging..., marionette: true, moz:firefoxOptions: {}, platform: ANY, version: }
1611084347394	mozrunner::runner	INFO	Running command: "C:\\Program Files\\Mozilla Firefox\\firefox.exe" "-marionette" "-foreground" "-no-remote" "-profile" "C:\\Users\\PENTAH~1\\AppData\\Local\\Temp\\rust_mozprofile.UPo9Rp1UZuZH"
JavaScript error: resource://gre/modules/XULStore.jsm, line 66: Error: Can't find profile directory.
1611084350038	Marionette	INFO	Listening on port 55037
1611084350551	Marionette	WARN	TLS certificate errors will be ignored for this session
Jan 19, 2021 2:25:50 PM org.openqa.selenium.remote.ProtocolHandshake createSession
INFO: Detected dialect: W3C
1611084369740	Marionette	INFO	Stopped listening on port 55037

###!!! [Child][RunMessage] Error: Channel closing: too late to send/recv, messages will be lost

]]></system-err>
  </testcase>
  <testcase name="As user, I want to view the Pet Types" classname="Purchase pets from the store" time="8.392"/>
  <testcase name="As a shopper, I need to register myself as a new user to the pet-store application" classname="User Registration to the pet-store application" time="15.716"/>
</testsuite>